{"/Users/bagseol-a/Desktop/todogram/src/constant/textData.js": {"path":"/Users/bagseol-a/Desktop/todogram/src/constant/textData.js","statementMap":{"0":{"start":{"line":1,"column":28},"end":{"line":4,"column":1}},"1":{"start":{"line":6,"column":26},"end":{"line":10,"column":1}}},"fnMap":{},"branchMap":{},"s":{"0":2,"1":2},"f":{},"b":{},"_coverageSchema":"1a1c01bbd47fc00a2c39e90264f33305004495a9","hash":"e8d17da452401b8a792e7dfb1d05a95d92fec2f1"}
,"/Users/bagseol-a/Desktop/todogram/src/js/controller.js": {"path":"/Users/bagseol-a/Desktop/todogram/src/js/controller.js","statementMap":{"0":{"start":{"line":3,"column":4},"end":{"line":3,"column":23}},"1":{"start":{"line":4,"column":4},"end":{"line":4,"column":21}},"2":{"start":{"line":5,"column":4},"end":{"line":5,"column":33}},"3":{"start":{"line":6,"column":21},"end":{"line":20,"column":5}},"4":{"start":{"line":22,"column":4},"end":{"line":24,"column":5}},"5":{"start":{"line":23,"column":6},"end":{"line":23,"column":48}},"6":{"start":{"line":28,"column":18},"end":{"line":28,"column":44}},"7":{"start":{"line":29,"column":4},"end":{"line":29,"column":34}},"8":{"start":{"line":33,"column":4},"end":{"line":33,"column":33}},"9":{"start":{"line":37,"column":17},"end":{"line":37,"column":34}},"10":{"start":{"line":38,"column":4},"end":{"line":38,"column":42}},"11":{"start":{"line":42,"column":17},"end":{"line":42,"column":54}},"12":{"start":{"line":43,"column":4},"end":{"line":43,"column":42}},"13":{"start":{"line":47,"column":17},"end":{"line":47,"column":53}},"14":{"start":{"line":48,"column":4},"end":{"line":48,"column":42}},"15":{"start":{"line":52,"column":4},"end":{"line":52,"column":44}},"16":{"start":{"line":56,"column":4},"end":{"line":56,"column":29}},"17":{"start":{"line":57,"column":4},"end":{"line":57,"column":36}},"18":{"start":{"line":58,"column":4},"end":{"line":58,"column":42}},"19":{"start":{"line":59,"column":4},"end":{"line":59,"column":22}},"20":{"start":{"line":63,"column":4},"end":{"line":63,"column":41}},"21":{"start":{"line":67,"column":4},"end":{"line":67,"column":38}},"22":{"start":{"line":71,"column":4},"end":{"line":71,"column":26}},"23":{"start":{"line":72,"column":4},"end":{"line":72,"column":39}},"24":{"start":{"line":73,"column":4},"end":{"line":73,"column":18}},"25":{"start":{"line":77,"column":4},"end":{"line":77,"column":38}},"26":{"start":{"line":81,"column":4},"end":{"line":81,"column":39}},"27":{"start":{"line":85,"column":4},"end":{"line":85,"column":38}},"28":{"start":{"line":86,"column":4},"end":{"line":86,"column":39}},"29":{"start":{"line":87,"column":4},"end":{"line":87,"column":18}},"30":{"start":{"line":91,"column":30},"end":{"line":91,"column":40}},"31":{"start":{"line":92,"column":4},"end":{"line":92,"column":41}},"32":{"start":{"line":93,"column":4},"end":{"line":93,"column":47}},"33":{"start":{"line":94,"column":4},"end":{"line":94,"column":18}},"34":{"start":{"line":98,"column":4},"end":{"line":98,"column":36}},"35":{"start":{"line":99,"column":4},"end":{"line":99,"column":45}},"36":{"start":{"line":100,"column":4},"end":{"line":100,"column":18}},"37":{"start":{"line":104,"column":17},"end":{"line":104,"column":52}},"38":{"start":{"line":105,"column":4},"end":{"line":105,"column":42}},"39":{"start":{"line":109,"column":26},"end":{"line":109,"column":36}},"40":{"start":{"line":110,"column":4},"end":{"line":115,"column":5}},"41":{"start":{"line":111,"column":6},"end":{"line":111,"column":39}},"42":{"start":{"line":112,"column":6},"end":{"line":112,"column":54}},"43":{"start":{"line":114,"column":6},"end":{"line":114,"column":26}},"44":{"start":{"line":119,"column":4},"end":{"line":128,"column":7}},"45":{"start":{"line":120,"column":6},"end":{"line":120,"column":52}},"46":{"start":{"line":121,"column":6},"end":{"line":121,"column":105}},"47":{"start":{"line":122,"column":6},"end":{"line":127,"column":7}},"48":{"start":{"line":126,"column":8},"end":{"line":126,"column":23}},"49":{"start":{"line":132,"column":4},"end":{"line":132,"column":23}},"50":{"start":{"line":133,"column":4},"end":{"line":135,"column":5}},"51":{"start":{"line":134,"column":6},"end":{"line":134,"column":49}},"52":{"start":{"line":136,"column":4},"end":{"line":136,"column":44}},"53":{"start":{"line":140,"column":4},"end":{"line":140,"column":82}},"54":{"start":{"line":141,"column":4},"end":{"line":141,"column":18}}},"fnMap":{"0":{"name":"(anonymous_0)","decl":{"start":{"line":2,"column":2},"end":{"line":2,"column":3}},"loc":{"start":{"line":2,"column":27},"end":{"line":25,"column":3}},"line":2},"1":{"name":"(anonymous_1)","decl":{"start":{"line":27,"column":2},"end":{"line":27,"column":3}},"loc":{"start":{"line":27,"column":29},"end":{"line":30,"column":3}},"line":27},"2":{"name":"(anonymous_2)","decl":{"start":{"line":32,"column":2},"end":{"line":32,"column":3}},"loc":{"start":{"line":32,"column":17},"end":{"line":34,"column":3}},"line":32},"3":{"name":"(anonymous_3)","decl":{"start":{"line":36,"column":2},"end":{"line":36,"column":3}},"loc":{"start":{"line":36,"column":12},"end":{"line":39,"column":3}},"line":36},"4":{"name":"(anonymous_4)","decl":{"start":{"line":41,"column":2},"end":{"line":41,"column":3}},"loc":{"start":{"line":41,"column":15},"end":{"line":44,"column":3}},"line":41},"5":{"name":"(anonymous_5)","decl":{"start":{"line":46,"column":2},"end":{"line":46,"column":3}},"loc":{"start":{"line":46,"column":18},"end":{"line":49,"column":3}},"line":46},"6":{"name":"(anonymous_6)","decl":{"start":{"line":51,"column":2},"end":{"line":51,"column":3}},"loc":{"start":{"line":51,"column":28},"end":{"line":53,"column":3}},"line":51},"7":{"name":"(anonymous_7)","decl":{"start":{"line":55,"column":2},"end":{"line":55,"column":3}},"loc":{"start":{"line":55,"column":17},"end":{"line":60,"column":3}},"line":55},"8":{"name":"(anonymous_8)","decl":{"start":{"line":62,"column":2},"end":{"line":62,"column":3}},"loc":{"start":{"line":62,"column":19},"end":{"line":64,"column":3}},"line":62},"9":{"name":"(anonymous_9)","decl":{"start":{"line":66,"column":2},"end":{"line":66,"column":3}},"loc":{"start":{"line":66,"column":18},"end":{"line":68,"column":3}},"line":66},"10":{"name":"(anonymous_10)","decl":{"start":{"line":70,"column":2},"end":{"line":70,"column":3}},"loc":{"start":{"line":70,"column":17},"end":{"line":74,"column":3}},"line":70},"11":{"name":"(anonymous_11)","decl":{"start":{"line":76,"column":2},"end":{"line":76,"column":3}},"loc":{"start":{"line":76,"column":18},"end":{"line":78,"column":3}},"line":76},"12":{"name":"(anonymous_12)","decl":{"start":{"line":80,"column":2},"end":{"line":80,"column":3}},"loc":{"start":{"line":80,"column":19},"end":{"line":82,"column":3}},"line":80},"13":{"name":"(anonymous_13)","decl":{"start":{"line":84,"column":2},"end":{"line":84,"column":3}},"loc":{"start":{"line":84,"column":14},"end":{"line":88,"column":3}},"line":84},"14":{"name":"(anonymous_14)","decl":{"start":{"line":90,"column":2},"end":{"line":90,"column":3}},"loc":{"start":{"line":90,"column":25},"end":{"line":95,"column":3}},"line":90},"15":{"name":"(anonymous_15)","decl":{"start":{"line":97,"column":2},"end":{"line":97,"column":3}},"loc":{"start":{"line":97,"column":23},"end":{"line":101,"column":3}},"line":97},"16":{"name":"(anonymous_16)","decl":{"start":{"line":103,"column":2},"end":{"line":103,"column":3}},"loc":{"start":{"line":103,"column":15},"end":{"line":106,"column":3}},"line":103},"17":{"name":"(anonymous_17)","decl":{"start":{"line":108,"column":2},"end":{"line":108,"column":3}},"loc":{"start":{"line":108,"column":27},"end":{"line":116,"column":3}},"line":108},"18":{"name":"(anonymous_18)","decl":{"start":{"line":118,"column":2},"end":{"line":118,"column":3}},"loc":{"start":{"line":118,"column":16},"end":{"line":129,"column":3}},"line":118},"19":{"name":"(anonymous_19)","decl":{"start":{"line":119,"column":24},"end":{"line":119,"column":25}},"loc":{"start":{"line":119,"column":33},"end":{"line":128,"column":5}},"line":119},"20":{"name":"(anonymous_20)","decl":{"start":{"line":131,"column":2},"end":{"line":131,"column":3}},"loc":{"start":{"line":131,"column":16},"end":{"line":137,"column":3}},"line":131},"21":{"name":"(anonymous_21)","decl":{"start":{"line":139,"column":2},"end":{"line":139,"column":3}},"loc":{"start":{"line":139,"column":41},"end":{"line":142,"column":3}},"line":139}},"branchMap":{"0":{"loc":{"start":{"line":27,"column":10},"end":{"line":27,"column":27}},"type":"default-arg","locations":[{"start":{"line":27,"column":25},"end":{"line":27,"column":27}}],"line":27},"1":{"loc":{"start":{"line":110,"column":4},"end":{"line":115,"column":5}},"type":"if","locations":[{"start":{"line":110,"column":4},"end":{"line":115,"column":5}},{"start":{"line":113,"column":11},"end":{"line":115,"column":5}}],"line":110},"2":{"loc":{"start":{"line":121,"column":49},"end":{"line":121,"column":101}},"type":"binary-expr","locations":[{"start":{"line":121,"column":49},"end":{"line":121,"column":66}},{"start":{"line":121,"column":70},"end":{"line":121,"column":101}}],"line":121},"3":{"loc":{"start":{"line":122,"column":6},"end":{"line":127,"column":7}},"type":"if","locations":[{"start":{"line":122,"column":6},"end":{"line":127,"column":7}},{"start":{},"end":{}}],"line":122},"4":{"loc":{"start":{"line":123,"column":8},"end":{"line":124,"column":87}},"type":"binary-expr","locations":[{"start":{"line":123,"column":8},"end":{"line":123,"column":34}},{"start":{"line":124,"column":9},"end":{"line":124,"column":26}},{"start":{"line":124,"column":30},"end":{"line":124,"column":61}},{"start":{"line":124,"column":65},"end":{"line":124,"column":86}}],"line":123},"5":{"loc":{"start":{"line":133,"column":4},"end":{"line":135,"column":5}},"type":"if","locations":[{"start":{"line":133,"column":4},"end":{"line":135,"column":5}},{"start":{},"end":{}}],"line":133},"6":{"loc":{"start":{"line":133,"column":8},"end":{"line":133,"column":58}},"type":"binary-expr","locations":[{"start":{"line":133,"column":8},"end":{"line":133,"column":13}},{"start":{"line":133,"column":17},"end":{"line":133,"column":58}}],"line":133},"7":{"loc":{"start":{"line":134,"column":18},"end":{"line":134,"column":43}},"type":"binary-expr","locations":[{"start":{"line":134,"column":18},"end":{"line":134,"column":34}},{"start":{"line":134,"column":38},"end":{"line":134,"column":43}}],"line":134},"8":{"loc":{"start":{"line":139,"column":20},"end":{"line":139,"column":39}},"type":"default-arg","locations":[{"start":{"line":139,"column":34},"end":{"line":139,"column":39}}],"line":139}},"s":{"0":4,"1":4,"2":4,"3":4,"4":4,"5":52,"6":0,"7":0,"8":0,"9":1,"10":1,"11":0,"12":0,"13":0,"14":0,"15":0,"16":1,"17":1,"18":1,"19":1,"20":0,"21":0,"22":1,"23":1,"24":1,"25":0,"26":0,"27":0,"28":0,"29":0,"30":1,"31":1,"32":1,"33":1,"34":0,"35":0,"36":0,"37":0,"38":0,"39":1,"40":1,"41":1,"42":1,"43":0,"44":3,"45":0,"46":0,"47":0,"48":0,"49":3,"50":3,"51":1,"52":3,"53":0,"54":0},"f":{"0":4,"1":0,"2":0,"3":1,"4":0,"5":0,"6":0,"7":1,"8":0,"9":0,"10":1,"11":0,"12":0,"13":0,"14":1,"15":0,"16":0,"17":1,"18":3,"19":0,"20":3,"21":0},"b":{"0":[0],"1":[1,0],"2":[0,0],"3":[0,0],"4":[0,0,0,0],"5":[1,2],"6":[3,2],"7":[1,1],"8":[0]},"_coverageSchema":"1a1c01bbd47fc00a2c39e90264f33305004495a9","hash":"7f8d1ad6a36165f6ab5f6dfa55556cdf72b55d58"}
,"/Users/bagseol-a/Desktop/todogram/src/js/model.js": {"path":"/Users/bagseol-a/Desktop/todogram/src/js/model.js","statementMap":{"0":{"start":{"line":3,"column":4},"end":{"line":3,"column":27}},"1":{"start":{"line":7,"column":4},"end":{"line":9,"column":5}},"2":{"start":{"line":8,"column":6},"end":{"line":8,"column":38}},"3":{"start":{"line":10,"column":4},"end":{"line":10,"column":34}},"4":{"start":{"line":14,"column":21},"end":{"line":18,"column":5}},"5":{"start":{"line":19,"column":4},"end":{"line":19,"column":31}},"6":{"start":{"line":23,"column":4},"end":{"line":23,"column":28}},"7":{"start":{"line":27,"column":4},"end":{"line":27,"column":35}},"8":{"start":{"line":31,"column":4},"end":{"line":31,"column":40}},"9":{"start":{"line":35,"column":4},"end":{"line":35,"column":38}},"10":{"start":{"line":39,"column":17},"end":{"line":39,"column":39}},"11":{"start":{"line":41,"column":18},"end":{"line":56,"column":5}},"12":{"start":{"line":43,"column":8},"end":{"line":47,"column":9}},"13":{"start":{"line":44,"column":10},"end":{"line":44,"column":26}},"14":{"start":{"line":46,"column":10},"end":{"line":46,"column":23}},"15":{"start":{"line":48,"column":8},"end":{"line":48,"column":20}},"16":{"start":{"line":49,"column":8},"end":{"line":49,"column":19}},"17":{"start":{"line":58,"column":4},"end":{"line":58,"column":20}},"18":{"start":{"line":60,"column":4},"end":{"line":60,"column":17}}},"fnMap":{"0":{"name":"(anonymous_0)","decl":{"start":{"line":2,"column":2},"end":{"line":2,"column":3}},"loc":{"start":{"line":2,"column":23},"end":{"line":4,"column":3}},"line":2},"1":{"name":"(anonymous_1)","decl":{"start":{"line":6,"column":2},"end":{"line":6,"column":3}},"loc":{"start":{"line":6,"column":14},"end":{"line":11,"column":3}},"line":6},"2":{"name":"(anonymous_2)","decl":{"start":{"line":13,"column":2},"end":{"line":13,"column":3}},"loc":{"start":{"line":13,"column":16},"end":{"line":20,"column":3}},"line":13},"3":{"name":"(anonymous_3)","decl":{"start":{"line":22,"column":2},"end":{"line":22,"column":3}},"loc":{"start":{"line":22,"column":13},"end":{"line":24,"column":3}},"line":22},"4":{"name":"(anonymous_4)","decl":{"start":{"line":26,"column":2},"end":{"line":26,"column":3}},"loc":{"start":{"line":26,"column":20},"end":{"line":28,"column":3}},"line":26},"5":{"name":"(anonymous_5)","decl":{"start":{"line":30,"column":2},"end":{"line":30,"column":3}},"loc":{"start":{"line":30,"column":25},"end":{"line":32,"column":3}},"line":30},"6":{"name":"(anonymous_6)","decl":{"start":{"line":34,"column":2},"end":{"line":34,"column":3}},"loc":{"start":{"line":34,"column":23},"end":{"line":36,"column":3}},"line":34},"7":{"name":"(anonymous_7)","decl":{"start":{"line":38,"column":2},"end":{"line":38,"column":3}},"loc":{"start":{"line":38,"column":21},"end":{"line":61,"column":3}},"line":38},"8":{"name":"(anonymous_8)","decl":{"start":{"line":42,"column":6},"end":{"line":42,"column":7}},"loc":{"start":{"line":42,"column":21},"end":{"line":50,"column":7}},"line":42}},"branchMap":{"0":{"loc":{"start":{"line":7,"column":4},"end":{"line":9,"column":5}},"type":"if","locations":[{"start":{"line":7,"column":4},"end":{"line":9,"column":5}},{"start":{},"end":{}}],"line":7},"1":{"loc":{"start":{"line":43,"column":8},"end":{"line":47,"column":9}},"type":"if","locations":[{"start":{"line":43,"column":8},"end":{"line":47,"column":9}},{"start":{"line":45,"column":15},"end":{"line":47,"column":9}}],"line":43}},"s":{"0":8,"1":2,"2":1,"3":1,"4":1,"5":1,"6":1,"7":1,"8":1,"9":1,"10":1,"11":1,"12":2,"13":1,"14":1,"15":2,"16":2,"17":1,"18":1},"f":{"0":8,"1":2,"2":1,"3":1,"4":1,"5":1,"6":1,"7":1,"8":2},"b":{"0":[1,1],"1":[1,1]},"_coverageSchema":"1a1c01bbd47fc00a2c39e90264f33305004495a9","hash":"425edcdbc30404829ebb480a5b85a8d4fd4a1f67"}
,"/Users/bagseol-a/Desktop/todogram/src/js/store.js": {"path":"/Users/bagseol-a/Desktop/todogram/src/js/store.js","statementMap":{"0":{"start":{"line":3,"column":4},"end":{"line":3,"column":23}},"1":{"start":{"line":4,"column":4},"end":{"line":4,"column":27}},"2":{"start":{"line":5,"column":4},"end":{"line":7,"column":5}},"3":{"start":{"line":6,"column":6},"end":{"line":6,"column":41}},"4":{"start":{"line":11,"column":4},"end":{"line":11,"column":45}},"5":{"start":{"line":15,"column":18},"end":{"line":15,"column":32}},"6":{"start":{"line":16,"column":4},"end":{"line":18,"column":7}},"7":{"start":{"line":17,"column":6},"end":{"line":17,"column":71}},"8":{"start":{"line":17,"column":45},"end":{"line":17,"column":69}},"9":{"start":{"line":22,"column":18},"end":{"line":22,"column":32}},"10":{"start":{"line":23,"column":4},"end":{"line":23,"column":27}},"11":{"start":{"line":24,"column":4},"end":{"line":24,"column":42}},"12":{"start":{"line":28,"column":18},"end":{"line":28,"column":32}},"13":{"start":{"line":29,"column":32},"end":{"line":29,"column":68}},"14":{"start":{"line":29,"column":53},"end":{"line":29,"column":67}},"15":{"start":{"line":30,"column":4},"end":{"line":30,"column":56}},"16":{"start":{"line":34,"column":16},"end":{"line":34,"column":30}},"17":{"start":{"line":35,"column":4},"end":{"line":40,"column":5}},"18":{"start":{"line":36,"column":6},"end":{"line":36,"column":17}},"19":{"start":{"line":38,"column":20},"end":{"line":38,"column":44}},"20":{"start":{"line":39,"column":6},"end":{"line":39,"column":61}},"21":{"start":{"line":39,"column":35},"end":{"line":39,"column":59}},"22":{"start":{"line":41,"column":4},"end":{"line":41,"column":42}},"23":{"start":{"line":45,"column":18},"end":{"line":45,"column":32}},"24":{"start":{"line":46,"column":18},"end":{"line":46,"column":57}},"25":{"start":{"line":46,"column":42},"end":{"line":46,"column":56}},"26":{"start":{"line":47,"column":4},"end":{"line":49,"column":5}},"27":{"start":{"line":48,"column":6},"end":{"line":48,"column":42}},"28":{"start":{"line":50,"column":4},"end":{"line":50,"column":54}},"29":{"start":{"line":51,"column":4},"end":{"line":51,"column":42}},"30":{"start":{"line":55,"column":18},"end":{"line":55,"column":32}},"31":{"start":{"line":56,"column":4},"end":{"line":56,"column":56}},"32":{"start":{"line":56,"column":27},"end":{"line":56,"column":53}},"33":{"start":{"line":57,"column":4},"end":{"line":57,"column":42}}},"fnMap":{"0":{"name":"(anonymous_0)","decl":{"start":{"line":2,"column":2},"end":{"line":2,"column":3}},"loc":{"start":{"line":2,"column":29},"end":{"line":8,"column":3}},"line":2},"1":{"name":"(anonymous_1)","decl":{"start":{"line":10,"column":2},"end":{"line":10,"column":3}},"loc":{"start":{"line":10,"column":12},"end":{"line":12,"column":3}},"line":10},"2":{"name":"(anonymous_2)","decl":{"start":{"line":14,"column":2},"end":{"line":14,"column":3}},"loc":{"start":{"line":14,"column":14},"end":{"line":19,"column":3}},"line":14},"3":{"name":"(anonymous_3)","decl":{"start":{"line":16,"column":24},"end":{"line":16,"column":25}},"loc":{"start":{"line":16,"column":32},"end":{"line":18,"column":5}},"line":16},"4":{"name":"(anonymous_4)","decl":{"start":{"line":17,"column":38},"end":{"line":17,"column":39}},"loc":{"start":{"line":17,"column":45},"end":{"line":17,"column":69}},"line":17},"5":{"name":"(anonymous_5)","decl":{"start":{"line":21,"column":2},"end":{"line":21,"column":3}},"loc":{"start":{"line":21,"column":18},"end":{"line":25,"column":3}},"line":21},"6":{"name":"(anonymous_6)","decl":{"start":{"line":27,"column":2},"end":{"line":27,"column":3}},"loc":{"start":{"line":27,"column":13},"end":{"line":31,"column":3}},"line":27},"7":{"name":"(anonymous_7)","decl":{"start":{"line":29,"column":45},"end":{"line":29,"column":46}},"loc":{"start":{"line":29,"column":53},"end":{"line":29,"column":67}},"line":29},"8":{"name":"(anonymous_8)","decl":{"start":{"line":33,"column":2},"end":{"line":33,"column":3}},"loc":{"start":{"line":33,"column":20},"end":{"line":42,"column":3}},"line":33},"9":{"name":"(anonymous_9)","decl":{"start":{"line":39,"column":27},"end":{"line":39,"column":28}},"loc":{"start":{"line":39,"column":35},"end":{"line":39,"column":59}},"line":39},"10":{"name":"(anonymous_10)","decl":{"start":{"line":44,"column":2},"end":{"line":44,"column":3}},"loc":{"start":{"line":44,"column":25},"end":{"line":52,"column":3}},"line":44},"11":{"name":"(anonymous_11)","decl":{"start":{"line":46,"column":34},"end":{"line":46,"column":35}},"loc":{"start":{"line":46,"column":42},"end":{"line":46,"column":56}},"line":46},"12":{"name":"(anonymous_12)","decl":{"start":{"line":54,"column":2},"end":{"line":54,"column":3}},"loc":{"start":{"line":54,"column":23},"end":{"line":58,"column":3}},"line":54},"13":{"name":"(anonymous_13)","decl":{"start":{"line":56,"column":18},"end":{"line":56,"column":19}},"loc":{"start":{"line":56,"column":27},"end":{"line":56,"column":53}},"line":56}},"branchMap":{"0":{"loc":{"start":{"line":5,"column":4},"end":{"line":7,"column":5}},"type":"if","locations":[{"start":{"line":5,"column":4},"end":{"line":7,"column":5}},{"start":{},"end":{}}],"line":5},"1":{"loc":{"start":{"line":35,"column":4},"end":{"line":40,"column":5}},"type":"if","locations":[{"start":{"line":35,"column":4},"end":{"line":40,"column":5}},{"start":{"line":37,"column":11},"end":{"line":40,"column":5}}],"line":35},"2":{"loc":{"start":{"line":47,"column":4},"end":{"line":49,"column":5}},"type":"if","locations":[{"start":{"line":47,"column":4},"end":{"line":49,"column":5}},{"start":{},"end":{}}],"line":47}},"s":{"0":12,"1":12,"2":12,"3":12,"4":11,"5":1,"6":1,"7":2,"8":2,"9":1,"10":1,"11":1,"12":1,"13":1,"14":2,"15":1,"16":3,"17":3,"18":1,"19":2,"20":2,"21":4,"22":3,"23":2,"24":2,"25":2,"26":2,"27":1,"28":1,"29":1,"30":2,"31":2,"32":4,"33":2},"f":{"0":12,"1":11,"2":1,"3":2,"4":2,"5":1,"6":1,"7":2,"8":3,"9":4,"10":2,"11":2,"12":2,"13":4},"b":{"0":[12,0],"1":[1,2],"2":[1,1]},"_coverageSchema":"1a1c01bbd47fc00a2c39e90264f33305004495a9","hash":"e76cadd7389d5c7bbe2c9febba7d245ff35ea29e"}
,"/Users/bagseol-a/Desktop/todogram/src/js/template.js": {"path":"/Users/bagseol-a/Desktop/todogram/src/js/template.js","statementMap":{"0":{"start":{"line":5,"column":4},"end":{"line":5,"column":56}},"1":{"start":{"line":6,"column":4},"end":{"line":6,"column":60}},"2":{"start":{"line":7,"column":4},"end":{"line":7,"column":54}},"3":{"start":{"line":11,"column":4},"end":{"line":33,"column":11}},"4":{"start":{"line":11,"column":19},"end":{"line":33,"column":10}},"5":{"start":{"line":37,"column":4},"end":{"line":49,"column":12}},"6":{"start":{"line":37,"column":21},"end":{"line":49,"column":11}},"7":{"start":{"line":53,"column":4},"end":{"line":55,"column":6}},"8":{"start":{"line":53,"column":21},"end":{"line":55,"column":5}},"9":{"start":{"line":59,"column":4},"end":{"line":63,"column":5}},"10":{"start":{"line":60,"column":26},"end":{"line":60,"column":48}},"11":{"start":{"line":61,"column":21},"end":{"line":61,"column":80}},"12":{"start":{"line":62,"column":6},"end":{"line":62,"column":41}},"13":{"start":{"line":64,"column":4},"end":{"line":64,"column":51}},"14":{"start":{"line":68,"column":24},"end":{"line":68,"column":46}},"15":{"start":{"line":69,"column":19},"end":{"line":69,"column":118}},"16":{"start":{"line":70,"column":4},"end":{"line":70,"column":42}}},"fnMap":{"0":{"name":"(anonymous_0)","decl":{"start":{"line":4,"column":2},"end":{"line":4,"column":3}},"loc":{"start":{"line":4,"column":16},"end":{"line":8,"column":3}},"line":4},"1":{"name":"(anonymous_1)","decl":{"start":{"line":10,"column":2},"end":{"line":10,"column":3}},"loc":{"start":{"line":10,"column":26},"end":{"line":34,"column":3}},"line":10},"2":{"name":"(anonymous_2)","decl":{"start":{"line":11,"column":11},"end":{"line":11,"column":12}},"loc":{"start":{"line":11,"column":19},"end":{"line":33,"column":10}},"line":11},"3":{"name":"(anonymous_3)","decl":{"start":{"line":36,"column":2},"end":{"line":36,"column":3}},"loc":{"start":{"line":36,"column":28},"end":{"line":50,"column":3}},"line":36},"4":{"name":"(anonymous_4)","decl":{"start":{"line":37,"column":11},"end":{"line":37,"column":12}},"loc":{"start":{"line":37,"column":21},"end":{"line":49,"column":11}},"line":37},"5":{"name":"(anonymous_5)","decl":{"start":{"line":52,"column":2},"end":{"line":52,"column":3}},"loc":{"start":{"line":52,"column":25},"end":{"line":56,"column":3}},"line":52},"6":{"name":"(anonymous_6)","decl":{"start":{"line":53,"column":11},"end":{"line":53,"column":12}},"loc":{"start":{"line":53,"column":21},"end":{"line":55,"column":5}},"line":53},"7":{"name":"(anonymous_7)","decl":{"start":{"line":58,"column":2},"end":{"line":58,"column":3}},"loc":{"start":{"line":58,"column":25},"end":{"line":65,"column":3}},"line":58},"8":{"name":"(anonymous_8)","decl":{"start":{"line":67,"column":2},"end":{"line":67,"column":3}},"loc":{"start":{"line":67,"column":22},"end":{"line":71,"column":3}},"line":67}},"branchMap":{"0":{"loc":{"start":{"line":15,"column":10},"end":{"line":15,"column":41}},"type":"cond-expr","locations":[{"start":{"line":15,"column":27},"end":{"line":15,"column":36}},{"start":{"line":15,"column":39},"end":{"line":15,"column":41}}],"line":15},"1":{"loc":{"start":{"line":59,"column":4},"end":{"line":63,"column":5}},"type":"if","locations":[{"start":{"line":59,"column":4},"end":{"line":63,"column":5}},{"start":{},"end":{}}],"line":59},"2":{"loc":{"start":{"line":61,"column":21},"end":{"line":61,"column":80}},"type":"cond-expr","locations":[{"start":{"line":61,"column":57},"end":{"line":61,"column":68}},{"start":{"line":61,"column":71},"end":{"line":61,"column":80}}],"line":61},"3":{"loc":{"start":{"line":69,"column":19},"end":{"line":69,"column":118}},"type":"cond-expr","locations":[{"start":{"line":69,"column":55},"end":{"line":69,"column":66}},{"start":{"line":69,"column":69},"end":{"line":69,"column":118}}],"line":69},"4":{"loc":{"start":{"line":69,"column":69},"end":{"line":69,"column":118}},"type":"cond-expr","locations":[{"start":{"line":69,"column":102},"end":{"line":69,"column":110}},{"start":{"line":69,"column":113},"end":{"line":69,"column":118}}],"line":69}},"s":{"0":8,"1":8,"2":8,"3":8,"4":2,"5":8,"6":1,"7":8,"8":0,"9":2,"10":0,"11":0,"12":0,"13":2,"14":1,"15":1,"16":1},"f":{"0":8,"1":8,"2":2,"3":8,"4":1,"5":8,"6":0,"7":2,"8":1},"b":{"0":[0,2],"1":[0,2],"2":[0,0],"3":[0,1],"4":[0,1]},"_coverageSchema":"1a1c01bbd47fc00a2c39e90264f33305004495a9","hash":"12002ad7afb41ac1a98fa4295788f5a2932b63fb"}
,"/Users/bagseol-a/Desktop/todogram/src/js/view.js": {"path":"/Users/bagseol-a/Desktop/todogram/src/js/view.js","statementMap":{"0":{"start":{"line":5,"column":4},"end":{"line":5,"column":29}},"1":{"start":{"line":6,"column":4},"end":{"line":6,"column":65}},"2":{"start":{"line":7,"column":4},"end":{"line":7,"column":49}},"3":{"start":{"line":8,"column":4},"end":{"line":8,"column":58}},"4":{"start":{"line":9,"column":4},"end":{"line":9,"column":60}},"5":{"start":{"line":10,"column":4},"end":{"line":10,"column":56}},"6":{"start":{"line":11,"column":4},"end":{"line":11,"column":66}},"7":{"start":{"line":12,"column":4},"end":{"line":12,"column":72}},"8":{"start":{"line":13,"column":4},"end":{"line":13,"column":62}},"9":{"start":{"line":14,"column":4},"end":{"line":14,"column":51}},"10":{"start":{"line":15,"column":4},"end":{"line":15,"column":49}},"11":{"start":{"line":19,"column":16},"end":{"line":19,"column":26}},"12":{"start":{"line":20,"column":4},"end":{"line":20,"column":73}},"13":{"start":{"line":24,"column":16},"end":{"line":24,"column":41}},"14":{"start":{"line":25,"column":4},"end":{"line":25,"column":40}},"15":{"start":{"line":29,"column":17},"end":{"line":29,"column":60}},"16":{"start":{"line":30,"column":4},"end":{"line":30,"column":47}},"17":{"start":{"line":30,"column":14},"end":{"line":30,"column":47}},"18":{"start":{"line":34,"column":17},"end":{"line":34,"column":60}},"19":{"start":{"line":35,"column":4},"end":{"line":35,"column":62}},"20":{"start":{"line":35,"column":14},"end":{"line":35,"column":62}},"21":{"start":{"line":39,"column":17},"end":{"line":39,"column":60}},"22":{"start":{"line":40,"column":4},"end":{"line":40,"column":22}},"23":{"start":{"line":40,"column":15},"end":{"line":40,"column":22}},"24":{"start":{"line":42,"column":16},"end":{"line":42,"column":41}},"25":{"start":{"line":43,"column":4},"end":{"line":43,"column":32}},"26":{"start":{"line":45,"column":18},"end":{"line":45,"column":49}},"27":{"start":{"line":46,"column":4},"end":{"line":46,"column":22}},"28":{"start":{"line":47,"column":4},"end":{"line":47,"column":79}},"29":{"start":{"line":48,"column":4},"end":{"line":48,"column":24}},"30":{"start":{"line":49,"column":4},"end":{"line":49,"column":28}},"31":{"start":{"line":50,"column":4},"end":{"line":50,"column":18}},"32":{"start":{"line":54,"column":17},"end":{"line":54,"column":60}},"33":{"start":{"line":55,"column":4},"end":{"line":64,"column":5}},"34":{"start":{"line":56,"column":19},"end":{"line":56,"column":43}},"35":{"start":{"line":57,"column":6},"end":{"line":63,"column":7}},"36":{"start":{"line":58,"column":8},"end":{"line":58,"column":40}},"37":{"start":{"line":59,"column":8},"end":{"line":59,"column":37}},"38":{"start":{"line":61,"column":8},"end":{"line":61,"column":37}},"39":{"start":{"line":62,"column":8},"end":{"line":62,"column":40}},"40":{"start":{"line":68,"column":23},"end":{"line":68,"column":56}},"41":{"start":{"line":69,"column":4},"end":{"line":69,"column":75}},"42":{"start":{"line":69,"column":20},"end":{"line":69,"column":75}},"43":{"start":{"line":73,"column":17},"end":{"line":73,"column":60}},"44":{"start":{"line":74,"column":4},"end":{"line":74,"column":22}},"45":{"start":{"line":74,"column":15},"end":{"line":74,"column":22}},"46":{"start":{"line":76,"column":4},"end":{"line":76,"column":57}},"47":{"start":{"line":77,"column":18},"end":{"line":77,"column":45}},"48":{"start":{"line":78,"column":4},"end":{"line":78,"column":39}},"49":{"start":{"line":78,"column":15},"end":{"line":78,"column":39}},"50":{"start":{"line":79,"column":4},"end":{"line":79,"column":52}},"51":{"start":{"line":83,"column":25},"end":{"line":112,"column":5}},"52":{"start":{"line":84,"column":22},"end":{"line":84,"column":71}},"53":{"start":{"line":85,"column":23},"end":{"line":85,"column":60}},"54":{"start":{"line":87,"column":8},"end":{"line":87,"column":77}},"55":{"start":{"line":88,"column":8},"end":{"line":88,"column":59}},"56":{"start":{"line":91,"column":8},"end":{"line":91,"column":36}},"57":{"start":{"line":92,"column":8},"end":{"line":92,"column":50}},"58":{"start":{"line":95,"column":8},"end":{"line":95,"column":35}},"59":{"start":{"line":96,"column":8},"end":{"line":96,"column":47}},"60":{"start":{"line":98,"column":26},"end":{"line":98,"column":50}},"61":{"start":{"line":99,"column":26},"end":{"line":99,"column":62}},"62":{"start":{"line":100,"column":27},"end":{"line":100,"column":47}},"63":{"start":{"line":101,"column":28},"end":{"line":101,"column":85}},"64":{"start":{"line":102,"column":29},"end":{"line":102,"column":55}},"65":{"start":{"line":103,"column":24},"end":{"line":103,"column":50}},"66":{"start":{"line":104,"column":24},"end":{"line":104,"column":74}},"67":{"start":{"line":105,"column":24},"end":{"line":105,"column":69}},"68":{"start":{"line":106,"column":22},"end":{"line":106,"column":66}},"69":{"start":{"line":107,"column":26},"end":{"line":107,"column":74}},"70":{"start":{"line":109,"column":8},"end":{"line":109,"column":57}},"71":{"start":{"line":110,"column":8},"end":{"line":110,"column":63}},"72":{"start":{"line":114,"column":4},"end":{"line":116,"column":5}},"73":{"start":{"line":115,"column":6},"end":{"line":115,"column":30}},"74":{"start":{"line":120,"column":26},"end":{"line":216,"column":5}},"75":{"start":{"line":121,"column":26},"end":{"line":121,"column":75}},"76":{"start":{"line":123,"column":8},"end":{"line":125,"column":10}},"77":{"start":{"line":124,"column":10},"end":{"line":124,"column":64}},"78":{"start":{"line":127,"column":8},"end":{"line":131,"column":11}},"79":{"start":{"line":128,"column":10},"end":{"line":130,"column":11}},"80":{"start":{"line":129,"column":12},"end":{"line":129,"column":41}},"81":{"start":{"line":132,"column":8},"end":{"line":132,"column":81}},"82":{"start":{"line":132,"column":51},"end":{"line":132,"column":79}},"83":{"start":{"line":135,"column":8},"end":{"line":139,"column":10}},"84":{"start":{"line":136,"column":10},"end":{"line":138,"column":11}},"85":{"start":{"line":137,"column":12},"end":{"line":137,"column":46}},"86":{"start":{"line":141,"column":8},"end":{"line":145,"column":11}},"87":{"start":{"line":142,"column":10},"end":{"line":144,"column":11}},"88":{"start":{"line":143,"column":12},"end":{"line":143,"column":22}},"89":{"start":{"line":148,"column":8},"end":{"line":152,"column":10}},"90":{"start":{"line":149,"column":10},"end":{"line":151,"column":11}},"91":{"start":{"line":150,"column":12},"end":{"line":150,"column":46}},"92":{"start":{"line":153,"column":27},"end":{"line":153,"column":78}},"93":{"start":{"line":155,"column":8},"end":{"line":157,"column":11}},"94":{"start":{"line":156,"column":10},"end":{"line":156,"column":59}},"95":{"start":{"line":156,"column":49},"end":{"line":156,"column":59}},"96":{"start":{"line":158,"column":8},"end":{"line":162,"column":11}},"97":{"start":{"line":159,"column":10},"end":{"line":161,"column":11}},"98":{"start":{"line":160,"column":12},"end":{"line":160,"column":22}},"99":{"start":{"line":165,"column":8},"end":{"line":169,"column":10}},"100":{"start":{"line":166,"column":10},"end":{"line":168,"column":11}},"101":{"start":{"line":167,"column":12},"end":{"line":167,"column":22}},"102":{"start":{"line":171,"column":8},"end":{"line":178,"column":10}},"103":{"start":{"line":172,"column":10},"end":{"line":177,"column":11}},"104":{"start":{"line":173,"column":12},"end":{"line":176,"column":15}},"105":{"start":{"line":180,"column":8},"end":{"line":184,"column":10}},"106":{"start":{"line":181,"column":10},"end":{"line":183,"column":11}},"107":{"start":{"line":182,"column":12},"end":{"line":182,"column":38}},"108":{"start":{"line":186,"column":8},"end":{"line":190,"column":11}},"109":{"start":{"line":187,"column":10},"end":{"line":189,"column":11}},"110":{"start":{"line":188,"column":12},"end":{"line":188,"column":46}},"111":{"start":{"line":191,"column":8},"end":{"line":195,"column":11}},"112":{"start":{"line":192,"column":10},"end":{"line":194,"column":11}},"113":{"start":{"line":193,"column":12},"end":{"line":193,"column":46}},"114":{"start":{"line":198,"column":8},"end":{"line":209,"column":10}},"115":{"start":{"line":201,"column":12},"end":{"line":206,"column":13}},"116":{"start":{"line":202,"column":14},"end":{"line":205,"column":17}},"117":{"start":{"line":210,"column":8},"end":{"line":214,"column":11}},"118":{"start":{"line":211,"column":10},"end":{"line":213,"column":11}},"119":{"start":{"line":212,"column":12},"end":{"line":212,"column":28}},"120":{"start":{"line":218,"column":4},"end":{"line":220,"column":5}},"121":{"start":{"line":219,"column":6},"end":{"line":219,"column":29}}},"fnMap":{"0":{"name":"(anonymous_0)","decl":{"start":{"line":4,"column":2},"end":{"line":4,"column":3}},"loc":{"start":{"line":4,"column":24},"end":{"line":16,"column":3}},"line":4},"1":{"name":"(anonymous_1)","decl":{"start":{"line":18,"column":2},"end":{"line":18,"column":3}},"loc":{"start":{"line":18,"column":12},"end":{"line":21,"column":3}},"line":18},"2":{"name":"(anonymous_2)","decl":{"start":{"line":23,"column":2},"end":{"line":23,"column":3}},"loc":{"start":{"line":23,"column":21},"end":{"line":26,"column":3}},"line":23},"3":{"name":"(anonymous_3)","decl":{"start":{"line":28,"column":2},"end":{"line":28,"column":3}},"loc":{"start":{"line":28,"column":17},"end":{"line":31,"column":3}},"line":28},"4":{"name":"(anonymous_4)","decl":{"start":{"line":33,"column":2},"end":{"line":33,"column":3}},"loc":{"start":{"line":33,"column":28},"end":{"line":36,"column":3}},"line":33},"5":{"name":"(anonymous_5)","decl":{"start":{"line":38,"column":2},"end":{"line":38,"column":3}},"loc":{"start":{"line":38,"column":22},"end":{"line":51,"column":3}},"line":38},"6":{"name":"(anonymous_6)","decl":{"start":{"line":53,"column":2},"end":{"line":53,"column":3}},"loc":{"start":{"line":53,"column":27},"end":{"line":65,"column":3}},"line":53},"7":{"name":"(anonymous_7)","decl":{"start":{"line":67,"column":2},"end":{"line":67,"column":3}},"loc":{"start":{"line":67,"column":18},"end":{"line":70,"column":3}},"line":67},"8":{"name":"(anonymous_8)","decl":{"start":{"line":72,"column":2},"end":{"line":72,"column":3}},"loc":{"start":{"line":72,"column":26},"end":{"line":80,"column":3}},"line":72},"9":{"name":"(anonymous_9)","decl":{"start":{"line":82,"column":2},"end":{"line":82,"column":3}},"loc":{"start":{"line":82,"column":29},"end":{"line":117,"column":3}},"line":82},"10":{"name":"(anonymous_10)","decl":{"start":{"line":84,"column":16},"end":{"line":84,"column":17}},"loc":{"start":{"line":84,"column":22},"end":{"line":84,"column":71}},"line":84},"11":{"name":"(anonymous_11)","decl":{"start":{"line":85,"column":16},"end":{"line":85,"column":17}},"loc":{"start":{"line":85,"column":23},"end":{"line":85,"column":60}},"line":85},"12":{"name":"(anonymous_12)","decl":{"start":{"line":86,"column":19},"end":{"line":86,"column":20}},"loc":{"start":{"line":86,"column":25},"end":{"line":89,"column":7}},"line":86},"13":{"name":"(anonymous_13)","decl":{"start":{"line":90,"column":24},"end":{"line":90,"column":25}},"loc":{"start":{"line":90,"column":30},"end":{"line":93,"column":7}},"line":90},"14":{"name":"(anonymous_14)","decl":{"start":{"line":94,"column":25},"end":{"line":94,"column":26}},"loc":{"start":{"line":94,"column":31},"end":{"line":97,"column":7}},"line":94},"15":{"name":"(anonymous_15)","decl":{"start":{"line":98,"column":19},"end":{"line":98,"column":20}},"loc":{"start":{"line":98,"column":26},"end":{"line":98,"column":50}},"line":98},"16":{"name":"(anonymous_16)","decl":{"start":{"line":99,"column":20},"end":{"line":99,"column":21}},"loc":{"start":{"line":99,"column":26},"end":{"line":99,"column":62}},"line":99},"17":{"name":"(anonymous_17)","decl":{"start":{"line":100,"column":21},"end":{"line":100,"column":22}},"loc":{"start":{"line":100,"column":27},"end":{"line":100,"column":47}},"line":100},"18":{"name":"(anonymous_18)","decl":{"start":{"line":101,"column":21},"end":{"line":101,"column":22}},"loc":{"start":{"line":101,"column":28},"end":{"line":101,"column":85}},"line":101},"19":{"name":"(anonymous_19)","decl":{"start":{"line":102,"column":22},"end":{"line":102,"column":23}},"loc":{"start":{"line":102,"column":29},"end":{"line":102,"column":55}},"line":102},"20":{"name":"(anonymous_20)","decl":{"start":{"line":103,"column":18},"end":{"line":103,"column":19}},"loc":{"start":{"line":103,"column":24},"end":{"line":103,"column":50}},"line":103},"21":{"name":"(anonymous_21)","decl":{"start":{"line":104,"column":18},"end":{"line":104,"column":19}},"loc":{"start":{"line":104,"column":24},"end":{"line":104,"column":74}},"line":104},"22":{"name":"(anonymous_22)","decl":{"start":{"line":105,"column":17},"end":{"line":105,"column":18}},"loc":{"start":{"line":105,"column":24},"end":{"line":105,"column":69}},"line":105},"23":{"name":"(anonymous_23)","decl":{"start":{"line":106,"column":16},"end":{"line":106,"column":17}},"loc":{"start":{"line":106,"column":22},"end":{"line":106,"column":66}},"line":106},"24":{"name":"(anonymous_24)","decl":{"start":{"line":107,"column":20},"end":{"line":107,"column":21}},"loc":{"start":{"line":107,"column":26},"end":{"line":107,"column":74}},"line":107},"25":{"name":"(anonymous_25)","decl":{"start":{"line":108,"column":26},"end":{"line":108,"column":27}},"loc":{"start":{"line":108,"column":32},"end":{"line":111,"column":7}},"line":108},"26":{"name":"(anonymous_26)","decl":{"start":{"line":119,"column":2},"end":{"line":119,"column":3}},"loc":{"start":{"line":119,"column":23},"end":{"line":221,"column":3}},"line":119},"27":{"name":"(anonymous_27)","decl":{"start":{"line":121,"column":20},"end":{"line":121,"column":21}},"loc":{"start":{"line":121,"column":26},"end":{"line":121,"column":75}},"line":121},"28":{"name":"(anonymous_28)","decl":{"start":{"line":122,"column":25},"end":{"line":122,"column":26}},"loc":{"start":{"line":123,"column":8},"end":{"line":125,"column":10}},"line":123},"29":{"name":"(anonymous_29)","decl":{"start":{"line":123,"column":48},"end":{"line":123,"column":49}},"loc":{"start":{"line":123,"column":53},"end":{"line":125,"column":9}},"line":123},"30":{"name":"(anonymous_30)","decl":{"start":{"line":126,"column":19},"end":{"line":126,"column":20}},"loc":{"start":{"line":126,"column":25},"end":{"line":133,"column":7}},"line":126},"31":{"name":"(anonymous_31)","decl":{"start":{"line":127,"column":48},"end":{"line":127,"column":49}},"loc":{"start":{"line":127,"column":53},"end":{"line":131,"column":9}},"line":127},"32":{"name":"(anonymous_32)","decl":{"start":{"line":132,"column":45},"end":{"line":132,"column":46}},"loc":{"start":{"line":132,"column":51},"end":{"line":132,"column":79}},"line":132},"33":{"name":"(anonymous_33)","decl":{"start":{"line":134,"column":20},"end":{"line":134,"column":21}},"loc":{"start":{"line":135,"column":8},"end":{"line":139,"column":10}},"line":135},"34":{"name":"(anonymous_34)","decl":{"start":{"line":135,"column":49},"end":{"line":135,"column":50}},"loc":{"start":{"line":135,"column":54},"end":{"line":139,"column":9}},"line":135},"35":{"name":"(anonymous_35)","decl":{"start":{"line":140,"column":21},"end":{"line":140,"column":22}},"loc":{"start":{"line":140,"column":27},"end":{"line":146,"column":7}},"line":140},"36":{"name":"(anonymous_36)","decl":{"start":{"line":141,"column":43},"end":{"line":141,"column":44}},"loc":{"start":{"line":141,"column":48},"end":{"line":145,"column":9}},"line":141},"37":{"name":"(anonymous_37)","decl":{"start":{"line":147,"column":18},"end":{"line":147,"column":19}},"loc":{"start":{"line":148,"column":8},"end":{"line":152,"column":10}},"line":148},"38":{"name":"(anonymous_38)","decl":{"start":{"line":148,"column":49},"end":{"line":148,"column":50}},"loc":{"start":{"line":148,"column":54},"end":{"line":152,"column":9}},"line":148},"39":{"name":"(anonymous_39)","decl":{"start":{"line":153,"column":21},"end":{"line":153,"column":22}},"loc":{"start":{"line":153,"column":27},"end":{"line":153,"column":78}},"line":153},"40":{"name":"(anonymous_40)","decl":{"start":{"line":154,"column":22},"end":{"line":154,"column":23}},"loc":{"start":{"line":154,"column":28},"end":{"line":163,"column":7}},"line":154},"41":{"name":"(anonymous_41)","decl":{"start":{"line":155,"column":43},"end":{"line":155,"column":44}},"loc":{"start":{"line":155,"column":48},"end":{"line":157,"column":9}},"line":155},"42":{"name":"(anonymous_42)","decl":{"start":{"line":158,"column":46},"end":{"line":158,"column":47}},"loc":{"start":{"line":158,"column":51},"end":{"line":162,"column":9}},"line":158},"43":{"name":"(anonymous_43)","decl":{"start":{"line":164,"column":21},"end":{"line":164,"column":22}},"loc":{"start":{"line":165,"column":8},"end":{"line":169,"column":10}},"line":165},"44":{"name":"(anonymous_44)","decl":{"start":{"line":165,"column":46},"end":{"line":165,"column":47}},"loc":{"start":{"line":165,"column":51},"end":{"line":169,"column":9}},"line":165},"45":{"name":"(anonymous_45)","decl":{"start":{"line":170,"column":18},"end":{"line":170,"column":19}},"loc":{"start":{"line":171,"column":8},"end":{"line":178,"column":10}},"line":171},"46":{"name":"(anonymous_46)","decl":{"start":{"line":171,"column":49},"end":{"line":171,"column":50}},"loc":{"start":{"line":171,"column":54},"end":{"line":178,"column":9}},"line":171},"47":{"name":"(anonymous_47)","decl":{"start":{"line":179,"column":17},"end":{"line":179,"column":18}},"loc":{"start":{"line":180,"column":8},"end":{"line":184,"column":10}},"line":180},"48":{"name":"(anonymous_48)","decl":{"start":{"line":180,"column":50},"end":{"line":180,"column":51}},"loc":{"start":{"line":180,"column":55},"end":{"line":184,"column":9}},"line":180},"49":{"name":"(anonymous_49)","decl":{"start":{"line":185,"column":16},"end":{"line":185,"column":17}},"loc":{"start":{"line":185,"column":22},"end":{"line":196,"column":7}},"line":185},"50":{"name":"(anonymous_50)","decl":{"start":{"line":186,"column":52},"end":{"line":186,"column":53}},"loc":{"start":{"line":186,"column":57},"end":{"line":190,"column":9}},"line":186},"51":{"name":"(anonymous_51)","decl":{"start":{"line":191,"column":49},"end":{"line":191,"column":50}},"loc":{"start":{"line":191,"column":54},"end":{"line":195,"column":9}},"line":191},"52":{"name":"(anonymous_52)","decl":{"start":{"line":197,"column":20},"end":{"line":197,"column":21}},"loc":{"start":{"line":197,"column":26},"end":{"line":215,"column":7}},"line":197},"53":{"name":"(anonymous_53)","decl":{"start":{"line":200,"column":10},"end":{"line":200,"column":11}},"loc":{"start":{"line":200,"column":15},"end":{"line":207,"column":11}},"line":200},"54":{"name":"(anonymous_54)","decl":{"start":{"line":210,"column":52},"end":{"line":210,"column":53}},"loc":{"start":{"line":210,"column":57},"end":{"line":214,"column":9}},"line":210}},"branchMap":{"0":{"loc":{"start":{"line":30,"column":4},"end":{"line":30,"column":47}},"type":"if","locations":[{"start":{"line":30,"column":4},"end":{"line":30,"column":47}},{"start":{},"end":{}}],"line":30},"1":{"loc":{"start":{"line":35,"column":4},"end":{"line":35,"column":62}},"type":"if","locations":[{"start":{"line":35,"column":4},"end":{"line":35,"column":62}},{"start":{},"end":{}}],"line":35},"2":{"loc":{"start":{"line":40,"column":4},"end":{"line":40,"column":22}},"type":"if","locations":[{"start":{"line":40,"column":4},"end":{"line":40,"column":22}},{"start":{},"end":{}}],"line":40},"3":{"loc":{"start":{"line":55,"column":4},"end":{"line":64,"column":5}},"type":"if","locations":[{"start":{"line":55,"column":4},"end":{"line":64,"column":5}},{"start":{},"end":{}}],"line":55},"4":{"loc":{"start":{"line":57,"column":6},"end":{"line":63,"column":7}},"type":"if","locations":[{"start":{"line":57,"column":6},"end":{"line":63,"column":7}},{"start":{"line":60,"column":13},"end":{"line":63,"column":7}}],"line":57},"5":{"loc":{"start":{"line":69,"column":4},"end":{"line":69,"column":75}},"type":"if","locations":[{"start":{"line":69,"column":4},"end":{"line":69,"column":75}},{"start":{},"end":{}}],"line":69},"6":{"loc":{"start":{"line":74,"column":4},"end":{"line":74,"column":22}},"type":"if","locations":[{"start":{"line":74,"column":4},"end":{"line":74,"column":22}},{"start":{},"end":{}}],"line":74},"7":{"loc":{"start":{"line":78,"column":4},"end":{"line":78,"column":39}},"type":"if","locations":[{"start":{"line":78,"column":4},"end":{"line":78,"column":39}},{"start":{},"end":{}}],"line":78},"8":{"loc":{"start":{"line":114,"column":4},"end":{"line":116,"column":5}},"type":"if","locations":[{"start":{"line":114,"column":4},"end":{"line":116,"column":5}},{"start":{},"end":{}}],"line":114},"9":{"loc":{"start":{"line":124,"column":18},"end":{"line":124,"column":62}},"type":"cond-expr","locations":[{"start":{"line":124,"column":42},"end":{"line":124,"column":50}},{"start":{"line":124,"column":53},"end":{"line":124,"column":62}}],"line":124},"10":{"loc":{"start":{"line":128,"column":10},"end":{"line":130,"column":11}},"type":"if","locations":[{"start":{"line":128,"column":10},"end":{"line":130,"column":11}},{"start":{},"end":{}}],"line":128},"11":{"loc":{"start":{"line":128,"column":14},"end":{"line":128,"column":56}},"type":"binary-expr","locations":[{"start":{"line":128,"column":14},"end":{"line":128,"column":35}},{"start":{"line":128,"column":39},"end":{"line":128,"column":56}}],"line":128},"12":{"loc":{"start":{"line":136,"column":10},"end":{"line":138,"column":11}},"type":"if","locations":[{"start":{"line":136,"column":10},"end":{"line":138,"column":11}},{"start":{},"end":{}}],"line":136},"13":{"loc":{"start":{"line":142,"column":10},"end":{"line":144,"column":11}},"type":"if","locations":[{"start":{"line":142,"column":10},"end":{"line":144,"column":11}},{"start":{},"end":{}}],"line":142},"14":{"loc":{"start":{"line":149,"column":10},"end":{"line":151,"column":11}},"type":"if","locations":[{"start":{"line":149,"column":10},"end":{"line":151,"column":11}},{"start":{},"end":{}}],"line":149},"15":{"loc":{"start":{"line":156,"column":10},"end":{"line":156,"column":59}},"type":"if","locations":[{"start":{"line":156,"column":10},"end":{"line":156,"column":59}},{"start":{},"end":{}}],"line":156},"16":{"loc":{"start":{"line":159,"column":10},"end":{"line":161,"column":11}},"type":"if","locations":[{"start":{"line":159,"column":10},"end":{"line":161,"column":11}},{"start":{},"end":{}}],"line":159},"17":{"loc":{"start":{"line":159,"column":14},"end":{"line":159,"column":64}},"type":"binary-expr","locations":[{"start":{"line":159,"column":14},"end":{"line":159,"column":36}},{"start":{"line":159,"column":40},"end":{"line":159,"column":64}}],"line":159},"18":{"loc":{"start":{"line":166,"column":10},"end":{"line":168,"column":11}},"type":"if","locations":[{"start":{"line":166,"column":10},"end":{"line":168,"column":11}},{"start":{},"end":{}}],"line":166},"19":{"loc":{"start":{"line":172,"column":10},"end":{"line":177,"column":11}},"type":"if","locations":[{"start":{"line":172,"column":10},"end":{"line":177,"column":11}},{"start":{},"end":{}}],"line":172},"20":{"loc":{"start":{"line":181,"column":10},"end":{"line":183,"column":11}},"type":"if","locations":[{"start":{"line":181,"column":10},"end":{"line":183,"column":11}},{"start":{},"end":{}}],"line":181},"21":{"loc":{"start":{"line":187,"column":10},"end":{"line":189,"column":11}},"type":"if","locations":[{"start":{"line":187,"column":10},"end":{"line":189,"column":11}},{"start":{},"end":{}}],"line":187},"22":{"loc":{"start":{"line":192,"column":10},"end":{"line":194,"column":11}},"type":"if","locations":[{"start":{"line":192,"column":10},"end":{"line":194,"column":11}},{"start":{},"end":{}}],"line":192},"23":{"loc":{"start":{"line":201,"column":12},"end":{"line":206,"column":13}},"type":"if","locations":[{"start":{"line":201,"column":12},"end":{"line":206,"column":13}},{"start":{},"end":{}}],"line":201},"24":{"loc":{"start":{"line":211,"column":10},"end":{"line":213,"column":11}},"type":"if","locations":[{"start":{"line":211,"column":10},"end":{"line":213,"column":11}},{"start":{},"end":{}}],"line":211},"25":{"loc":{"start":{"line":211,"column":14},"end":{"line":211,"column":57}},"type":"binary-expr","locations":[{"start":{"line":211,"column":14},"end":{"line":211,"column":36}},{"start":{"line":211,"column":40},"end":{"line":211,"column":57}}],"line":211},"26":{"loc":{"start":{"line":218,"column":4},"end":{"line":220,"column":5}},"type":"if","locations":[{"start":{"line":218,"column":4},"end":{"line":220,"column":5}},{"start":{},"end":{}}],"line":218}},"s":{"0":8,"1":8,"2":8,"3":8,"4":8,"5":8,"6":8,"7":8,"8":8,"9":8,"10":8,"11":1,"12":1,"13":1,"14":1,"15":0,"16":0,"17":0,"18":0,"19":0,"20":0,"21":0,"22":0,"23":0,"24":0,"25":0,"26":0,"27":0,"28":0,"29":0,"30":0,"31":0,"32":2,"33":2,"34":2,"35":2,"36":1,"37":1,"38":1,"39":1,"40":1,"41":1,"42":1,"43":0,"44":0,"45":0,"46":0,"47":0,"48":0,"49":0,"50":0,"51":11,"52":2,"53":1,"54":2,"55":2,"56":1,"57":1,"58":1,"59":1,"60":0,"61":1,"62":1,"63":1,"64":1,"65":0,"66":0,"67":0,"68":0,"69":0,"70":0,"71":0,"72":11,"73":11,"74":0,"75":0,"76":0,"77":0,"78":0,"79":0,"80":0,"81":0,"82":0,"83":0,"84":0,"85":0,"86":0,"87":0,"88":0,"89":0,"90":0,"91":0,"92":0,"93":0,"94":0,"95":0,"96":0,"97":0,"98":0,"99":0,"100":0,"101":0,"102":0,"103":0,"104":0,"105":0,"106":0,"107":0,"108":0,"109":0,"110":0,"111":0,"112":0,"113":0,"114":0,"115":0,"116":0,"117":0,"118":0,"119":0,"120":0,"121":0},"f":{"0":8,"1":1,"2":1,"3":0,"4":0,"5":0,"6":2,"7":1,"8":0,"9":11,"10":2,"11":1,"12":2,"13":1,"14":1,"15":0,"16":1,"17":1,"18":1,"19":1,"20":0,"21":0,"22":0,"23":0,"24":0,"25":0,"26":0,"27":0,"28":0,"29":0,"30":0,"31":0,"32":0,"33":0,"34":0,"35":0,"36":0,"37":0,"38":0,"39":0,"40":0,"41":0,"42":0,"43":0,"44":0,"45":0,"46":0,"47":0,"48":0,"49":0,"50":0,"51":0,"52":0,"53":0,"54":0},"b":{"0":[0,0],"1":[0,0],"2":[0,0],"3":[2,0],"4":[1,1],"5":[1,0],"6":[0,0],"7":[0,0],"8":[11,0],"9":[0,0],"10":[0,0],"11":[0,0],"12":[0,0],"13":[0,0],"14":[0,0],"15":[0,0],"16":[0,0],"17":[0,0],"18":[0,0],"19":[0,0],"20":[0,0],"21":[0,0],"22":[0,0],"23":[0,0],"24":[0,0],"25":[0,0],"26":[0,0]},"_coverageSchema":"1a1c01bbd47fc00a2c39e90264f33305004495a9","hash":"b63d37203880d8a436528d00635339ac6b5aeb2f"}
,"/Users/bagseol-a/Desktop/todogram/src/util/helper.js": {"path":"/Users/bagseol-a/Desktop/todogram/src/util/helper.js","statementMap":{"0":{"start":{"line":2,"column":2},"end":{"line":4,"column":3}},"1":{"start":{"line":3,"column":4},"end":{"line":3,"column":11}},"2":{"start":{"line":5,"column":2},"end":{"line":7,"column":3}},"3":{"start":{"line":6,"column":4},"end":{"line":6,"column":30}},"4":{"start":{"line":8,"column":2},"end":{"line":8,"column":49}}},"fnMap":{"0":{"name":"findParent","decl":{"start":{"line":1,"column":16},"end":{"line":1,"column":26}},"loc":{"start":{"line":1,"column":45},"end":{"line":9,"column":1}},"line":1}},"branchMap":{"0":{"loc":{"start":{"line":2,"column":2},"end":{"line":4,"column":3}},"type":"if","locations":[{"start":{"line":2,"column":2},"end":{"line":4,"column":3}},{"start":{},"end":{}}],"line":2},"1":{"loc":{"start":{"line":5,"column":2},"end":{"line":7,"column":3}},"type":"if","locations":[{"start":{"line":5,"column":2},"end":{"line":7,"column":3}},{"start":{},"end":{}}],"line":5}},"s":{"0":1,"1":0,"2":1,"3":1,"4":0},"f":{"0":1},"b":{"0":[0,1],"1":[1,0]},"_coverageSchema":"1a1c01bbd47fc00a2c39e90264f33305004495a9","hash":"98af9b422e7c836387c2dcb13d298b950870c198"}
}
