TN:
SF:src/constant/textData.js
FNF:0
FNH:0
DA:1,2
DA:6,2
LF:2
LH:2
BRF:0
BRH:0
end_of_record
TN:
SF:src/js/controller.js
FN:2,(anonymous_0)
FN:27,(anonymous_1)
FN:32,(anonymous_2)
FN:36,(anonymous_3)
FN:41,(anonymous_4)
FN:46,(anonymous_5)
FN:51,(anonymous_6)
FN:55,(anonymous_7)
FN:62,(anonymous_8)
FN:66,(anonymous_9)
FN:70,(anonymous_10)
FN:76,(anonymous_11)
FN:80,(anonymous_12)
FN:84,(anonymous_13)
FN:90,(anonymous_14)
FN:97,(anonymous_15)
FN:103,(anonymous_16)
FN:108,(anonymous_17)
FN:118,(anonymous_18)
FN:119,(anonymous_19)
FN:131,(anonymous_20)
FN:139,(anonymous_21)
FNF:22
FNH:8
FNDA:4,(anonymous_0)
FNDA:0,(anonymous_1)
FNDA:0,(anonymous_2)
FNDA:1,(anonymous_3)
FNDA:0,(anonymous_4)
FNDA:0,(anonymous_5)
FNDA:0,(anonymous_6)
FNDA:1,(anonymous_7)
FNDA:0,(anonymous_8)
FNDA:0,(anonymous_9)
FNDA:1,(anonymous_10)
FNDA:0,(anonymous_11)
FNDA:0,(anonymous_12)
FNDA:0,(anonymous_13)
FNDA:1,(anonymous_14)
FNDA:0,(anonymous_15)
FNDA:0,(anonymous_16)
FNDA:1,(anonymous_17)
FNDA:3,(anonymous_18)
FNDA:0,(anonymous_19)
FNDA:3,(anonymous_20)
FNDA:0,(anonymous_21)
DA:3,4
DA:4,4
DA:5,4
DA:6,4
DA:22,4
DA:23,52
DA:28,0
DA:29,0
DA:33,0
DA:37,1
DA:38,1
DA:42,0
DA:43,0
DA:47,0
DA:48,0
DA:52,0
DA:56,1
DA:57,1
DA:58,1
DA:59,1
DA:63,0
DA:67,0
DA:71,1
DA:72,1
DA:73,1
DA:77,0
DA:81,0
DA:85,0
DA:86,0
DA:87,0
DA:91,1
DA:92,1
DA:93,1
DA:94,1
DA:98,0
DA:99,0
DA:100,0
DA:104,0
DA:105,0
DA:109,1
DA:110,1
DA:111,1
DA:112,1
DA:114,0
DA:119,3
DA:120,0
DA:121,0
DA:122,0
DA:126,0
DA:132,3
DA:133,3
DA:134,1
DA:136,3
DA:140,0
DA:141,0
LF:55
LH:28
BRDA:27,0,0,0
BRDA:110,1,0,1
BRDA:110,1,1,0
BRDA:121,2,0,0
BRDA:121,2,1,0
BRDA:122,3,0,0
BRDA:122,3,1,0
BRDA:123,4,0,0
BRDA:123,4,1,0
BRDA:123,4,2,0
BRDA:123,4,3,0
BRDA:133,5,0,1
BRDA:133,5,1,2
BRDA:133,6,0,3
BRDA:133,6,1,2
BRDA:134,7,0,1
BRDA:134,7,1,1
BRDA:139,8,0,0
BRF:18
BRH:7
end_of_record
TN:
SF:src/js/model.js
FN:2,(anonymous_0)
FN:6,(anonymous_1)
FN:13,(anonymous_2)
FN:22,(anonymous_3)
FN:26,(anonymous_4)
FN:30,(anonymous_5)
FN:34,(anonymous_6)
FN:38,(anonymous_7)
FN:42,(anonymous_8)
FNF:9
FNH:9
FNDA:8,(anonymous_0)
FNDA:2,(anonymous_1)
FNDA:1,(anonymous_2)
FNDA:1,(anonymous_3)
FNDA:1,(anonymous_4)
FNDA:1,(anonymous_5)
FNDA:1,(anonymous_6)
FNDA:1,(anonymous_7)
FNDA:2,(anonymous_8)
DA:3,8
DA:7,2
DA:8,1
DA:10,1
DA:14,1
DA:19,1
DA:23,1
DA:27,1
DA:31,1
DA:35,1
DA:39,1
DA:41,1
DA:43,2
DA:44,1
DA:46,1
DA:48,2
DA:49,2
DA:58,1
DA:60,1
LF:19
LH:19
BRDA:7,0,0,1
BRDA:7,0,1,1
BRDA:43,1,0,1
BRDA:43,1,1,1
BRF:4
BRH:4
end_of_record
TN:
SF:src/js/store.js
FN:2,(anonymous_0)
FN:10,(anonymous_1)
FN:14,(anonymous_2)
FN:16,(anonymous_3)
FN:17,(anonymous_4)
FN:21,(anonymous_5)
FN:27,(anonymous_6)
FN:29,(anonymous_7)
FN:33,(anonymous_8)
FN:39,(anonymous_9)
FN:44,(anonymous_10)
FN:46,(anonymous_11)
FN:54,(anonymous_12)
FN:56,(anonymous_13)
FNF:14
FNH:14
FNDA:12,(anonymous_0)
FNDA:11,(anonymous_1)
FNDA:1,(anonymous_2)
FNDA:2,(anonymous_3)
FNDA:2,(anonymous_4)
FNDA:1,(anonymous_5)
FNDA:1,(anonymous_6)
FNDA:2,(anonymous_7)
FNDA:3,(anonymous_8)
FNDA:4,(anonymous_9)
FNDA:2,(anonymous_10)
FNDA:2,(anonymous_11)
FNDA:2,(anonymous_12)
FNDA:4,(anonymous_13)
DA:3,12
DA:4,12
DA:5,12
DA:6,12
DA:11,11
DA:15,1
DA:16,1
DA:17,2
DA:22,1
DA:23,1
DA:24,1
DA:28,1
DA:29,2
DA:30,1
DA:34,3
DA:35,3
DA:36,1
DA:38,2
DA:39,4
DA:41,3
DA:45,2
DA:46,2
DA:47,2
DA:48,1
DA:50,1
DA:51,1
DA:55,2
DA:56,4
DA:57,2
LF:29
LH:29
BRDA:5,0,0,12
BRDA:5,0,1,0
BRDA:35,1,0,1
BRDA:35,1,1,2
BRDA:47,2,0,1
BRDA:47,2,1,1
BRF:6
BRH:5
end_of_record
TN:
SF:src/js/template.js
FN:4,(anonymous_0)
FN:10,(anonymous_1)
FN:11,(anonymous_2)
FN:36,(anonymous_3)
FN:37,(anonymous_4)
FN:52,(anonymous_5)
FN:53,(anonymous_6)
FN:58,(anonymous_7)
FN:67,(anonymous_8)
FNF:9
FNH:8
FNDA:8,(anonymous_0)
FNDA:8,(anonymous_1)
FNDA:2,(anonymous_2)
FNDA:8,(anonymous_3)
FNDA:1,(anonymous_4)
FNDA:8,(anonymous_5)
FNDA:0,(anonymous_6)
FNDA:2,(anonymous_7)
FNDA:1,(anonymous_8)
DA:5,8
DA:6,8
DA:7,8
DA:11,8
DA:37,8
DA:53,8
DA:59,2
DA:60,0
DA:61,0
DA:62,0
DA:64,2
DA:68,1
DA:69,1
DA:70,1
LF:14
LH:11
BRDA:15,0,0,0
BRDA:15,0,1,2
BRDA:59,1,0,0
BRDA:59,1,1,2
BRDA:61,2,0,0
BRDA:61,2,1,0
BRDA:69,3,0,0
BRDA:69,3,1,1
BRDA:69,4,0,0
BRDA:69,4,1,1
BRF:10
BRH:4
end_of_record
TN:
SF:src/js/view.js
FN:4,(anonymous_0)
FN:18,(anonymous_1)
FN:23,(anonymous_2)
FN:28,(anonymous_3)
FN:33,(anonymous_4)
FN:38,(anonymous_5)
FN:53,(anonymous_6)
FN:67,(anonymous_7)
FN:72,(anonymous_8)
FN:82,(anonymous_9)
FN:84,(anonymous_10)
FN:85,(anonymous_11)
FN:86,(anonymous_12)
FN:90,(anonymous_13)
FN:94,(anonymous_14)
FN:98,(anonymous_15)
FN:99,(anonymous_16)
FN:100,(anonymous_17)
FN:101,(anonymous_18)
FN:102,(anonymous_19)
FN:103,(anonymous_20)
FN:104,(anonymous_21)
FN:105,(anonymous_22)
FN:106,(anonymous_23)
FN:107,(anonymous_24)
FN:108,(anonymous_25)
FN:119,(anonymous_26)
FN:121,(anonymous_27)
FN:122,(anonymous_28)
FN:123,(anonymous_29)
FN:126,(anonymous_30)
FN:127,(anonymous_31)
FN:132,(anonymous_32)
FN:134,(anonymous_33)
FN:135,(anonymous_34)
FN:140,(anonymous_35)
FN:141,(anonymous_36)
FN:147,(anonymous_37)
FN:148,(anonymous_38)
FN:153,(anonymous_39)
FN:154,(anonymous_40)
FN:155,(anonymous_41)
FN:158,(anonymous_42)
FN:164,(anonymous_43)
FN:165,(anonymous_44)
FN:170,(anonymous_45)
FN:171,(anonymous_46)
FN:179,(anonymous_47)
FN:180,(anonymous_48)
FN:185,(anonymous_49)
FN:186,(anonymous_50)
FN:191,(anonymous_51)
FN:197,(anonymous_52)
FN:200,(anonymous_53)
FN:210,(anonymous_54)
FNF:55
FNH:15
FNDA:8,(anonymous_0)
FNDA:1,(anonymous_1)
FNDA:1,(anonymous_2)
FNDA:0,(anonymous_3)
FNDA:0,(anonymous_4)
FNDA:0,(anonymous_5)
FNDA:2,(anonymous_6)
FNDA:1,(anonymous_7)
FNDA:0,(anonymous_8)
FNDA:11,(anonymous_9)
FNDA:2,(anonymous_10)
FNDA:1,(anonymous_11)
FNDA:2,(anonymous_12)
FNDA:1,(anonymous_13)
FNDA:1,(anonymous_14)
FNDA:0,(anonymous_15)
FNDA:1,(anonymous_16)
FNDA:1,(anonymous_17)
FNDA:1,(anonymous_18)
FNDA:1,(anonymous_19)
FNDA:0,(anonymous_20)
FNDA:0,(anonymous_21)
FNDA:0,(anonymous_22)
FNDA:0,(anonymous_23)
FNDA:0,(anonymous_24)
FNDA:0,(anonymous_25)
FNDA:0,(anonymous_26)
FNDA:0,(anonymous_27)
FNDA:0,(anonymous_28)
FNDA:0,(anonymous_29)
FNDA:0,(anonymous_30)
FNDA:0,(anonymous_31)
FNDA:0,(anonymous_32)
FNDA:0,(anonymous_33)
FNDA:0,(anonymous_34)
FNDA:0,(anonymous_35)
FNDA:0,(anonymous_36)
FNDA:0,(anonymous_37)
FNDA:0,(anonymous_38)
FNDA:0,(anonymous_39)
FNDA:0,(anonymous_40)
FNDA:0,(anonymous_41)
FNDA:0,(anonymous_42)
FNDA:0,(anonymous_43)
FNDA:0,(anonymous_44)
FNDA:0,(anonymous_45)
FNDA:0,(anonymous_46)
FNDA:0,(anonymous_47)
FNDA:0,(anonymous_48)
FNDA:0,(anonymous_49)
FNDA:0,(anonymous_50)
FNDA:0,(anonymous_51)
FNDA:0,(anonymous_52)
FNDA:0,(anonymous_53)
FNDA:0,(anonymous_54)
DA:5,8
DA:6,8
DA:7,8
DA:8,8
DA:9,8
DA:10,8
DA:11,8
DA:12,8
DA:13,8
DA:14,8
DA:15,8
DA:19,1
DA:20,1
DA:24,1
DA:25,1
DA:29,0
DA:30,0
DA:34,0
DA:35,0
DA:39,0
DA:40,0
DA:42,0
DA:43,0
DA:45,0
DA:46,0
DA:47,0
DA:48,0
DA:49,0
DA:50,0
DA:54,2
DA:55,2
DA:56,2
DA:57,2
DA:58,1
DA:59,1
DA:61,1
DA:62,1
DA:68,1
DA:69,1
DA:73,0
DA:74,0
DA:76,0
DA:77,0
DA:78,0
DA:79,0
DA:83,11
DA:84,2
DA:85,1
DA:87,2
DA:88,2
DA:91,1
DA:92,1
DA:95,1
DA:96,1
DA:98,0
DA:99,1
DA:100,1
DA:101,1
DA:102,1
DA:103,0
DA:104,0
DA:105,0
DA:106,0
DA:107,0
DA:109,0
DA:110,0
DA:114,11
DA:115,11
DA:120,0
DA:121,0
DA:123,0
DA:124,0
DA:127,0
DA:128,0
DA:129,0
DA:132,0
DA:135,0
DA:136,0
DA:137,0
DA:141,0
DA:142,0
DA:143,0
DA:148,0
DA:149,0
DA:150,0
DA:153,0
DA:155,0
DA:156,0
DA:158,0
DA:159,0
DA:160,0
DA:165,0
DA:166,0
DA:167,0
DA:171,0
DA:172,0
DA:173,0
DA:180,0
DA:181,0
DA:182,0
DA:186,0
DA:187,0
DA:188,0
DA:191,0
DA:192,0
DA:193,0
DA:198,0
DA:201,0
DA:202,0
DA:210,0
DA:211,0
DA:212,0
DA:218,0
DA:219,0
LF:114
LH:40
BRDA:30,0,0,0
BRDA:30,0,1,0
BRDA:35,1,0,0
BRDA:35,1,1,0
BRDA:40,2,0,0
BRDA:40,2,1,0
BRDA:55,3,0,2
BRDA:55,3,1,0
BRDA:57,4,0,1
BRDA:57,4,1,1
BRDA:69,5,0,1
BRDA:69,5,1,0
BRDA:74,6,0,0
BRDA:74,6,1,0
BRDA:78,7,0,0
BRDA:78,7,1,0
BRDA:114,8,0,11
BRDA:114,8,1,0
BRDA:124,9,0,0
BRDA:124,9,1,0
BRDA:128,10,0,0
BRDA:128,10,1,0
BRDA:128,11,0,0
BRDA:128,11,1,0
BRDA:136,12,0,0
BRDA:136,12,1,0
BRDA:142,13,0,0
BRDA:142,13,1,0
BRDA:149,14,0,0
BRDA:149,14,1,0
BRDA:156,15,0,0
BRDA:156,15,1,0
BRDA:159,16,0,0
BRDA:159,16,1,0
BRDA:159,17,0,0
BRDA:159,17,1,0
BRDA:166,18,0,0
BRDA:166,18,1,0
BRDA:172,19,0,0
BRDA:172,19,1,0
BRDA:181,20,0,0
BRDA:181,20,1,0
BRDA:187,21,0,0
BRDA:187,21,1,0
BRDA:192,22,0,0
BRDA:192,22,1,0
BRDA:201,23,0,0
BRDA:201,23,1,0
BRDA:211,24,0,0
BRDA:211,24,1,0
BRDA:211,25,0,0
BRDA:211,25,1,0
BRDA:218,26,0,0
BRDA:218,26,1,0
BRF:54
BRH:5
end_of_record
TN:
SF:src/util/helper.js
FN:1,findParent
FNF:1
FNH:1
FNDA:1,findParent
DA:2,1
DA:3,0
DA:5,1
DA:6,1
DA:8,0
LF:5
LH:3
BRDA:2,0,0,0
BRDA:2,0,1,1
BRDA:5,1,0,1
BRDA:5,1,1,0
BRF:4
BRH:2
end_of_record
